C51 COMPILER V9.60.7.0   ADCINIT                                                           08/30/2023 13:47:07 PAGE 1   


C51 COMPILER V9.60.7.0, COMPILATION OF MODULE ADCINIT
OBJECT MODULE PLACED IN .\Output\ADCInit.obj
COMPILER INVOKED BY: C:\Keil_v5\C51\BIN\C51.EXE ..\User\Source\Hardware\ADCInit.c LARGE OMF2 WARNINGLEVEL(0) OPTIMIZE(9,
                    -SPEED) BROWSE INCDIR(..\User\Include;..\FU68xx_Hardware_Driver\Include) DEBUG PRINT(.\Listing\ADCInit.lst) TABS(2) OBJEC
                    -T(.\Output\ADCInit.obj)

line level    source

   1          /*  -------------------------- (C) COPYRIGHT 2022 Fortiortech ShenZhen ---------------------------*/
   2          /**
   3           * @copyright (C) COPYRIGHT 2022 Fortiortech Shenzhen
   4           * @file      
   5           * @author    Fortiortech  Appliction Team
   6           * @since     Create:2022-07-14
   7           * @date      Last modify:2022-07-14
   8           * @note      Last modify author is Leo.li
   9           * @brief      
  10           */
  11          
  12          
  13          /* Includes -------------------------------------------------------------------------------------*/
  14          #include <FU68xx_2.h>
  15          #include <Myproject.h>
  16          #include <FU68xx_2_System.h>
  17          
  18          
  19          /** 
  20           * @brief       ADC硬件设备初始化配置，使能ADC，通道配置，采样时间配置，中断配
             -置
  21           * @data        2022/08/12
  22           */ 
  23          void ADC_Init(void)
  24          {
  25   1          /*  -------------------------------------------------------------------------------------------------
  26   1              ADC基本配置
  27   1              -------------------------------------------------------------------------------------------------*
             -/
  28   1          /*  -------------------------------------------------------------------------------------------------
  29   1              ADC通道配置
  30   1              1、使能相应Pin为模拟Pin，禁止数字功能
  31   1              2、使能通道MASK，连接Pin到ADC模块
  32   1              ADC_CH0--P20_AN--IU--固定                 ADC_CH5--P32_AN
  33   1              ADC_CH1--P23_AN--IV--固定                 ADC_CH6--P33_AN
  34   1              ADC_CH2--P24_AN--DCBUS--固定              ADC_CH7--P34_AN
  35   1              ADC_CH3--P25_AN--VSP                      ADC_CH8--P21_AN
  36   1              ADC_CH4--P27_AN--IBUS/IW--固定            ADC_CH9--P16_AN
  37   1                                                        ADC_CH10--P14_AN
  38   1                                                        ADC_CH11--P26_AN
  39   1              -------------------------------------------------------------------------------------------------*
             -/
  40   1          SetBit(P2_AN, P27 | P26 | P24);
  41   1          SetBit(P3_AN, P34 | P33); 
  42   1      //    SetBit(P1_AN, P14); 
  43   1          
  44   1          SetBit(ADC_MASK_SYSC, CH11EN | CH7EN | CH6EN | CH4EN | CH2EN);       //Config P2.7 as ADC4 IBUS/IW
  45   1          
  46   1          /*ADC通道采样时钟周期设置*/
  47   1          SetBit(ADC_MASK_SYSC, 0x3000);
  48   1          
  49   1          ADC_SYSC  = 0x31;
  50   1          
C51 COMPILER V9.60.7.0   ADCINIT                                                           08/30/2023 13:47:07 PAGE 2   

  51   1          SetReg(ADC_CR, ADCIF | ADCIE, 0x00);                                          // 清标志位和关中
             -断
  52   1        
  53   1          SetBit(ADC_CR, ADCEN);                                 // 使能ADC   
  54   1      
  55   1      }
  56          
  57          
  58          


MODULE INFORMATION:   STATIC OVERLAYABLE
   CODE SIZE        =     74    ----
   CONSTANT SIZE    =   ----    ----
   XDATA SIZE       =   ----    ----
   PDATA SIZE       =   ----    ----
   DATA SIZE        =   ----    ----
   IDATA SIZE       =   ----    ----
   BIT SIZE         =   ----    ----
   EDATA SIZE       =   ----    ----
   HDATA SIZE       =   ----    ----
   XDATA CONST SIZE =   ----    ----
   FAR CONST SIZE   =   ----    ----
END OF MODULE INFORMATION.


C51 COMPILATION COMPLETE.  0 WARNING(S),  0 ERROR(S)
