C51 COMPILER V9.60.7.0   FU68XX_2_SYSTEM                                                   08/28/2023 09:53:50 PAGE 1   


C51 COMPILER V9.60.7.0, COMPILATION OF MODULE FU68XX_2_SYSTEM
OBJECT MODULE PLACED IN .\Output\FU68xx_2_System.obj
COMPILER INVOKED BY: C:\Keil_v5\C51\BIN\C51.EXE ..\FU68xx_Hardware_Driver\Source\FU68xx_2_System.c LARGE OMF2 WARNINGLEV
                    -EL(0) OPTIMIZE(9,SPEED) BROWSE INCDIR(..\User\Include;..\FU68xx_Hardware_Driver\Include) DEBUG PRINT(.\Listing\FU68xx_2_
                    -System.lst) TABS(2) OBJECT(.\Output\FU68xx_2_System.obj)

line level    source

   1          /**************************** (C) COPYRIGHT 2017 Fortiortech shenzhen *****************************
   2          * File Name          : FU68xx_2_System.c
   3          * Author             : Fortiortech  Appliction Team
   4          * Version            : V1.0
   5          * Date               : 10-Apr-2017
   6          * Description        : This file contains the system function used for Motor Control.
   7          ***************************************************************************************************
   8          * All Rights Reserved
   9          **************************************************************************************************/
  10          /* Includes -------------------------------------------------------------------------------------*/
  11          #include <FU68xx_2.h>
  12          
  13          
  14          /* WatchDog Config-------------------------------------------------------------------------------*/
  15          
  16          /*-------------------------------------------------------------------------------------------------
  17              Function Name ：WatchDogConfig(Value ,Status)
  18              Description   ：看门狗定时函数初始化，看门狗使能和复位使能，定时配置
  19              Input         ：Value--定时时间，单位ms，最小定时时间8ms，最大定时1800ms
  20                            Statue--使能控制，Disable或Enable
  21            Output                ：None
  22          -------------------------------------------------------------------------------------------------*/
  23          void WatchDogConfig(uint16 Value, bool Status)
  24          {
  25   1          SetReg(CCFG1, WDTEN, (Status ? WDTEN : 0x00));
  26   1          WDT_REL = ((uint16)(65532 - (uint32)Value * 32768 / 1000) >> 8);
  27   1          ClrBit(WDT_CR, WDTF);
  28   1          SetBit(WDT_CR, WDTRF);
  29   1      }
  30          
  31          
  32          /*-------------------------------------------------------------------------------------------------
  33              Function Name ：WatchDogRefresh(Value ,Status)
  34              Description   ：刷新看门狗计数器
  35              Input         ：None
  36            Output                ：None
  37          -------------------------------------------------------------------------------------------------*/
  38          void WatchDogRefresh(void)
  39          {
  40   1          SetBit(WDT_CR, WDTRF);
  41   1      }


MODULE INFORMATION:   STATIC OVERLAYABLE
   CODE SIZE        =     68    ----
   CONSTANT SIZE    =   ----    ----
   XDATA SIZE       =   ----    ----
   PDATA SIZE       =   ----    ----
   DATA SIZE        =   ----    ----
   IDATA SIZE       =   ----    ----
   BIT SIZE         =   ----       1
   EDATA SIZE       =   ----    ----
   HDATA SIZE       =   ----    ----
C51 COMPILER V9.60.7.0   FU68XX_2_SYSTEM                                                   08/28/2023 09:53:50 PAGE 2   

   XDATA CONST SIZE =   ----    ----
   FAR CONST SIZE   =   ----    ----
END OF MODULE INFORMATION.


C51 COMPILATION COMPLETE.  0 WARNING(S),  0 ERROR(S)
