C51 COMPILER V9.60.7.0   GPIOINIT                                                          08/30/2023 13:47:07 PAGE 1   


C51 COMPILER V9.60.7.0, COMPILATION OF MODULE GPIOINIT
OBJECT MODULE PLACED IN .\Output\GPIOInit.obj
COMPILER INVOKED BY: C:\Keil_v5\C51\BIN\C51.EXE ..\User\Source\Hardware\GPIOInit.c LARGE OMF2 WARNINGLEVEL(0) OPTIMIZE(9
                    -,SPEED) BROWSE INCDIR(..\User\Include;..\FU68xx_Hardware_Driver\Include) DEBUG PRINT(.\Listing\GPIOInit.lst) TABS(2) OBJ
                    -ECT(.\Output\GPIOInit.obj)

line level    source

   1          /*  -------------------------- (C) COPYRIGHT 2022 Fortiortech ShenZhen ---------------------------*/
   2          /**
   3           * @copyright (C) COPYRIGHT 2022 Fortiortech Shenzhen
   4           * @file      
   5           * @author    Fortiortech  Appliction Team
   6           * @since     Create:2022-07-14
   7           * @date      Last modify:2022-07-14
   8           * @note      Last modify author is Leo.li
   9           * @brief      
  10           */
  11          
  12          /* Includes -------------------------------------------------------------------------------------*/
  13          #include <FU68xx_2.h>
  14          #include <Myproject.h>
  15          
  16          
  17          /** 
  18           * @brief       GPIO初始化配置,可将I/O口配置成输入或输出模式，上拉还是不上拉，
             -拟输出还是数字输出
  19           * @data        2022/08/12
  20           */ 
  21          void GPIO_Init(void)
  22          {
  23   1      //    P0_OE = P01 | P05 | P06 | P07;  //使能LED报警IO口
  24   1      //    P0_PU = P01 | P05 | P06 | P07; // 需确认这些端口能接受上拉
  25   1      
  26   1      //  ClrBit(P0_OE, P02);            // SW2  温度
  27   1      //    SetBit(P0_PU, P02);            // 
  28   1      //  
  29   1      //  
  30   1      //  ClrBit(P0_OE, P03);            // 中档
  31   1      //    SetBit(P0_PU, P03);            // 
  32   1      //  
  33   1      //  ClrBit(P0_OE, P07);            // 高档
  34   1      //    SetBit(P0_PU, P07);            // 
  35   1      //  
  36   1      //  
  37   1      //  
  38   1      //  SetBit(P0_OE, P04);            // LED3
  39   1      //    SetBit(P0_PU, P04);            //      
  40   1      //  
  41   1      //  SetBit(P0_OE, P05);            // LED2
  42   1      //    SetBit(P0_PU, P05);            // 
  43   1      //    
  44   1      //  SetBit(P0_OE, P06);            // LED1
  45   1      //    SetBit(P0_PU, P06);            //
  46   1      
  47   1      //  SetBit(P1_OE, P11);            // 
  48   1      //  SetBit(P1_PU, P11);            // 发热丝输出位
  49   1      //  GP11 = 1;   
  50   1      
  51   1      //  SetBit(P1_OE, P12);            // 
  52   1      //  SetBit(P1_PU, P12);            // 发热丝输出位
C51 COMPILER V9.60.7.0   GPIOINIT                                                          08/30/2023 13:47:07 PAGE 2   

  53   1      //  GP12 = 0; 
  54   1        
  55   1          ClrBit(P1_PU, P13);             // 总开关   关上拉
  56   1          ClrBit(P1_OE, P13);                         // 关输出
  57   1          
  58   1        SetBit(P0_OE, P07);           //发热丝控制端口
  59   1        GP07 = !HEAT_ON_LEVEL;
  60   1        
  61   1        SetBit(P1_PU, P14);           // 温度档位按键
  62   1          
  63   1        SetBit(P1_OE, P15 | P16 | P17);           
  64   1        ClrBit(P1_PU, P15 | P16 | P17);           //P15、P16、P17三个口控制6个灯
  65   1          
  66   1        GP15 = 0;         // 100 橙色D1+红色D3 010 2*蓝色D25 001 橙色D6+红色D4  
  67   1        GP16 = 0;         // 110 红色D3+蓝色D5 101 2*橙色D16 011 蓝色D2+红色D4
  68   1        GP17 = 0;
  69   1      }


MODULE INFORMATION:   STATIC OVERLAYABLE
   CODE SIZE        =     33    ----
   CONSTANT SIZE    =   ----    ----
   XDATA SIZE       =   ----    ----
   PDATA SIZE       =   ----    ----
   DATA SIZE        =   ----    ----
   IDATA SIZE       =   ----    ----
   BIT SIZE         =   ----    ----
   EDATA SIZE       =   ----    ----
   HDATA SIZE       =   ----    ----
   XDATA CONST SIZE =   ----    ----
   FAR CONST SIZE   =   ----    ----
END OF MODULE INFORMATION.


C51 COMPILATION COMPLETE.  0 WARNING(S),  0 ERROR(S)
