C51 COMPILER V9.60.7.0   MAIN                                                              08/30/2023 13:47:05 PAGE 1   


C51 COMPILER V9.60.7.0, COMPILATION OF MODULE MAIN
OBJECT MODULE PLACED IN .\Output\main.obj
COMPILER INVOKED BY: C:\Keil_v5\C51\BIN\C51.EXE ..\User\Source\Application\main.c LARGE OMF2 WARNINGLEVEL(0) OPTIMIZE(9,
                    -SPEED) BROWSE INCDIR(..\User\Include;..\FU68xx_Hardware_Driver\Include) DEBUG PRINT(.\Listing\main.lst) TABS(2) OBJECT(.
                    -\Output\main.obj)

line level    source

   1          /*  -------------------------- (C) COPYRIGHT 2022 Fortiortech ShenZhen ---------------------------*/
   2          /**
   3           * @copyright (C) COPYRIGHT 2022 Fortiortech Shenzhen
   4           * @file      main.c
   5           * @author    Fortiortech  Appliction Team
   6           * @since     Create:2022-07-14
   7           * @date      Last modify:2022-07-14
   8           * @note      Last modify author is Leo.li
   9           * @brief     包含主函数，软硬件初始化函数，VRER配置函数 
  10           */
  11          
  12          /********************************************************************************
  13              Header Definition
  14          ********************************************************************************/
  15          #include <FU68xx_2.h>
  16          #include <Myproject.h>
  17          
  18          uint8 data g_1mTick = 0;  ///< 1ms滴答信号，每隔1ms在SYSTICK定时器被置1，需在大循环使
             -处清零
  19          
  20          /**
  21              @brief        Function Definition
  22          */
  23          static void SoftwareInit(void);
  24          static void HardwareInit(void);
  25          void MotorControlInit(void);
  26          
  27          
  28          /** 
  29           * @brief        部分变量初始化，上电运行一次
  30           * @date         2022-07-14 
  31           */
  32          void SoftwareInit(void)
  33          {
  34   1          /*----- 初始化所有定义的参数变量 -----*/
  35   1          MotorcontrolInit();
  36   1        
  37   1        #if ((SPEED_MODE == KEYSCANMODE) || (SPEED_MODE == TOUCHMODE))
  38   1              /*----- 按键参数初始化 -----*/
  39   1              KeyInit();
  40   1        #endif
  41   1        
  42   1          /* ----- 电机初始状态为mcReady，故障保护为无故障 -----*/
  43   1          mcState = mcReady;
  44   1          mcFaultSource = FaultNoSource;
  45   1      }
  46          
  47          /** 
  48           * @brief        参考电压，偏置电压配置
  49           * @date         2022-07-14
  50           */
  51          void VREFConfigInit(void)
  52          {
C51 COMPILER V9.60.7.0   MAIN                                                              08/30/2023 13:47:05 PAGE 2   

  53   1          /************************VREF&VHALF Config************************/
  54   1          #if (HW_ADC_VREF == VREF3_0)
                  {
                      SetBit(VREF_VHALF_CR, VRVSEL1);             //00-->4.5V   01-->VDD5
                      ClrBit(VREF_VHALF_CR, VRVSEL0);             //10-->3.0V   11-->4.0V
                  }
                  #elif (HW_ADC_VREF == VREF4_0)
                  {
                      SetBit(VREF_VHALF_CR, VRVSEL1);             //00-->4.5V   01-->VDD5
                      SetBit(VREF_VHALF_CR, VRVSEL0);             //10-->3.0V   11-->4.0V
                  }
                  #elif (HW_ADC_VREF == VREF4_5)
                  {
                      ClrBit(VREF_VHALF_CR, VRVSEL1);             //00-->4.5V   01-->VDD5
                      ClrBit(VREF_VHALF_CR, VRVSEL0);             //10-->3.0V   11-->4.0V
                  }
                  #elif (HW_ADC_VREF == VREF5_0)
  70   1          {
  71   2              ClrBit(VREF_VHALF_CR, VRVSEL1);             //00-->4.5V   01-->VDD5
  72   2              SetBit(VREF_VHALF_CR, VRVSEL0);             //10-->3.0V   11-->4.0V
  73   2          }
  74   1          #endif
  75   1      
  76   1          #if (VREF_OUT_EN)
  77   1              SetBit(P3_AN, PIN5);                         //VREF Voltage -->P35 Output 是否输出到P35引脚
             -，需同步配置输出
  78   1              SetBit(P3_OE, PIN5);                         //VREF Voltage -->P35 Output 是否输出到P35引脚
  79   1          #endif
  80   1          #if (VHALF_OUT_EN)
                      SetBit(P3_AN, P32);
                  #endif
  83   1          SetBit(VREF_VHALF_CR, VREFEN | VHALFEN);    //VREF_VHALF_CR = 0x11;
  84   1          /* ---------------------------------------------------------------------- */
  85   1      }
  86          
  87          /** 
  88           * @brief     硬件初始化，初始化需要使用的硬件设备配置，FOC必须配置的是运放
             -压、运放初始化、ADC初始化、Driver初始化
  89           *            其他的可根据实际需求加。
  90           * @date      2022-07-14
  91           */
  92          void HardwareInit(void)
  93          {
  94   1          VREFConfigInit();
  95   1      
  96   1          /******比较器初始化，用于硬件过流比较保护******/  
  97   1          CMP3_Init();                                                  //选择比较过流，比较器初始
             -
  98   1      
  99   1          /****功能IO初始化***********/
 100   1          GPIO_Init();
 101   1        
 102   1          /*****运算放大器初始化*********/
 103   1          AMP_Init();
 104   1        
 105   1          /*****ADC初始化*********/
 106   1          ADC_Init();
 107   1        
 108   1          /****比较器中断配置***********/
 109   1          CMP3_Inter_Init();                                                                    // 建议和比
             -器初始化间隔一段时间
 110   1        
C51 COMPILER V9.60.7.0   MAIN                                                              08/30/2023 13:47:05 PAGE 3   

 111   1          /*****Driver初始化*********/
 112   1          Driver_Init();
 113   1        
 114   1          /* -----过零点检测初始化----- */
 115   1          ZeroCrossing_Init();
 116   1          
 117   1          /*****UART初始化*********/
 118   1      //    UART_Init();//未配置
 119   1          
 120   1          /*****Timer初始化*******/
 121   1      //    TIM3_Init();                                                                          //端口GP11,
             -样定时器3中断作为PWM捕获中断
 122   1          TIM1ms_Init();                                                                        //采用1ms定
             -器中断作为常见中断,处理故障保护等附加功能
 123   1          
 124   1          /*开启SMDU运算模块*/
 125   1          SetBit(TIM234_CTRL, MDU_EN_N);
 126   1      }
 127          
 128          
 129          /** 
 130           * @brief        主函数，大循环运行偏置电流采集函数，电机状态机控制函数，以
             -环路响应函数
 131           * @date         2022-07-14
 132           */
 133          void main(void)
 134          {
 135   1          uint16 PowerUpCnt = 0;
 136   1          
 137   1          for (PowerUpCnt = 0; PowerUpCnt < SystemPowerUpTime; PowerUpCnt++) {}; // 上电等待一会
 138   1          
 139   1          /*Software Init*/
 140   1          SoftwareInit();
 141   1          
 142   1          /*Hardware Init*/
 143   1          HardwareInit();
 144   1          
 145   1          WatchDogConfig(200, Enable);
 146   1          
 147   1          /* ----- 电机目标方向 ----- */
 148   1          #if (FREnable)
                  {
                      MCCtrl.FR_Status   = FRPin;
                  }
                  
                  #else
 154   1          {
 155   2              MCCtrl.FR_Status   = FR_MODE;                  //配置电机运行方向
 156   2          }
 157   1          #endif
 158   1          while (1)
 159   1          {
 160   2              /* -----获取电流采样偏置电压----- */
 161   2              if (!mcCurOffset.OffsetFlag)
 162   2              {
 163   3                  GetCurrentOffset();
 164   3              }
 165   2              else
 166   2              {
 167   3                  /* -----电机控制状态机----- */
 168   3                  MC_Control();           // 
 169   3                        
C51 COMPILER V9.60.7.0   MAIN                                                              08/30/2023 13:47:05 PAGE 4   

 170   3            /* -----1ms时序处理----- */
 171   3                  if (g_1mTick)
 172   3                  {
 173   4                      TickCycle_1ms();
 174   4                      g_1mTick = 0;
 175   4                  }
 176   3              }
 177   2          }
 178   1      }
 179          
 180          
 181          


MODULE INFORMATION:   STATIC OVERLAYABLE
   CODE SIZE        =    139    ----
   CONSTANT SIZE    =   ----    ----
   XDATA SIZE       =   ----    ----
   PDATA SIZE       =   ----    ----
   DATA SIZE        =      1    ----
   IDATA SIZE       =   ----    ----
   BIT SIZE         =   ----    ----
   EDATA SIZE       =   ----    ----
   HDATA SIZE       =   ----    ----
   XDATA CONST SIZE =   ----    ----
   FAR CONST SIZE   =   ----    ----
END OF MODULE INFORMATION.


C51 COMPILATION COMPLETE.  0 WARNING(S),  0 ERROR(S)
