C51 COMPILER V9.52.0.0   MDUINIT                                                           08/08/2022 00:01:47 PAGE 1   


C51 COMPILER V9.52.0.0, COMPILATION OF MODULE MDUINIT
OBJECT MODULE PLACED IN .\Output\MDUInit.obj
COMPILER INVOKED BY: D:\keil\C51\BIN\C51.EXE ..\User\Source\Hardware\MDUInit.c LARGE OMF2 WARNINGLEVEL(0) BROWSE INCDIR(
                    -..\User\Include;..\FU68xx_Hardware_Driver\Include) DEBUG PRINT(.\Listing\MDUInit.lst) OBJECT(.\Output\MDUInit.obj)

line level    source

   1          /*  -------------------------- (C) COPYRIGHT 2022 Fortiortech ShenZhen ---------------------------*/
   2          /**
   3           * @copyright (C) COPYRIGHT 2022 Fortiortech Shenzhen
   4           * @file      
   5           * @author    Fortiortech  Appliction Team
   6           * @since     Create:2022-07-14
   7           * @date      Last modify:2022-07-14
   8           * @note      Last modify author is Leo.li
   9           * @brief      
  10           */
  11          
  12          
  13          /* Includes -------------------------------------------------------------------------------------*/
  14          #include <FU68xx_2.h>
  15          #include <Myproject.h>
  16          


MODULE INFORMATION:   STATIC OVERLAYABLE
   CODE SIZE        =   ----    ----
   CONSTANT SIZE    =   ----    ----
   XDATA SIZE       =   ----    ----
   PDATA SIZE       =   ----    ----
   DATA SIZE        =   ----    ----
   IDATA SIZE       =   ----    ----
   BIT SIZE         =   ----    ----
   EDATA SIZE       =   ----    ----
   HDATA SIZE       =   ----    ----
   XDATA CONST SIZE =   ----    ----
   FAR CONST SIZE   =   ----    ----
END OF MODULE INFORMATION.


C51 COMPILATION COMPLETE.  0 WARNING(S),  0 ERROR(S)
