C51 COMPILER V9.60.7.0   MOTORCONTROL                                                      08/30/2023 13:47:05 PAGE 1   


C51 COMPILER V9.60.7.0, COMPILATION OF MODULE MOTORCONTROL
OBJECT MODULE PLACED IN .\Output\MotorControl.obj
COMPILER INVOKED BY: C:\Keil_v5\C51\BIN\C51.EXE ..\User\Source\Function\MotorControl.c LARGE OMF2 WARNINGLEVEL(0) OPTIMI
                    -ZE(9,SPEED) BROWSE INCDIR(..\User\Include;..\FU68xx_Hardware_Driver\Include) DEBUG PRINT(.\Listing\MotorControl.lst) TAB
                    -S(2) OBJECT(.\Output\MotorControl.obj)

line level    source

   1          /*  -------------------------- (C) COPYRIGHT 2022 Fortiortech ShenZhen ---------------------------*/
   2          /**
   3           * @copyright (C) COPYRIGHT 2022 Fortiortech Shenzhen
   4           * @file      xxx.c
   5           * @author    Fortiortech  Appliction Team
   6           * @since     Create:2022-07-14
   7           * @date      Last modify:2022-07-14
   8           * @note      Last modify author is Leo.li
   9           * @brief      
  10           */
  11          
  12          
  13          /* Includes -------------------------------------------------------------------------------------*/
  14          #include <FU68xx_2.h>
  15          #include <Myproject.h>
  16          
  17          /* Private variables ----------------------------------------------------------------------------*/
  18          MotStaType data mcState;
  19          MotStaM    McStaSet;
  20          
  21          
  22          /** 
  23           * @brief     ç”µæœºæ§åˆ¶çŠ¶æ€æœº
  24           * @warning   ç”µæœºçš„çŠ¶æ€åªèƒ½åœ¨ç”µæœºçŠ¶æ€æ§åˆ¶ä¸­åˆ‡æ¢ï¼Œç¦æ­¢åœ¨å…¶ä»–åœ°æ–¹åˆ‡æ¢ç”µæœºçŠ¶æ€
             -
  25           * @date      2022-07-14
  26           */
  27          void MC_Control(void)
  28          {
  29   1          if (mcFaultSource != FaultNoSource)
  30   1          {
  31   2              mcState = mcFault;
  32   2          }
  33   1          
  34   1          switch (mcState)
  35   1          {
  36   2              case mcReady:                               // å…³é—­è¾“å‡º,ä¸Šç”µä¼šå¯¹ç”µæµè¿›è¡Œé‡‡é›†æ ¡å‡†,å½“é‡‡æ ·æ ¡å‡
             -†ç»“æŸæ ‡å¿—ç½®1ä¸”å¯åŠ¨æŒ‡ä»¤ç½®1åï¼Œæ‰è·³è½¬åˆ°mcInit
  37   2                  Motor_Ready();
  38   2                  
  39   2                  if ((mcCurOffset.OffsetFlag == 1) && (MCCtrl.FlagONOFF == 1))
  40   2                  {
  41   3                      mcState = mcInit;
  42   3                      mcCurOffset.OffsetFlag  = 0;       // å¼€å§‹ç”µæµé‡‡é›†
  43   3                      mcCurOffset.OffsetCount = 0;       // æ¸…é‡‡æ ·è®¡æ•°
  44   3      //                KS.ChangeKeyFlg = 1;               //LEDæ˜¾ç¤º
  45   3                  }
  46   2                  break;
  47   2                  
  48   2              case mcInit:                                         // åˆå§‹åŒ–çŠ¶æ€ï¼Œè¿›å…¥mcChargeçŠ¶æ€
  49   2                  if(mcCurOffset.OffsetFlag == 1)
  50   2                  {     
  51   3                    Motor_Init();
C51 COMPILER V9.60.7.0   MOTORCONTROL                                                      08/30/2023 13:47:05 PAGE 2   

  52   3                    mcState               =  mcCharge;               // è·³å…¥mcChargeçŠ¶æ€
  53   3                    mcFocCtrl.State_Count = Charge_Time;
  54   3                  }
  55   2                  break;
  56   2                  
  57   2              case mcCharge:                                      // é¢„å……ç”µçŠ¶æ€ï¼ŒMCUè¾“å‡ºå›ºå®šé¢‘ç‡å ç
             -©ºæ¯”ï¼Œé¢„å……ç”µç»“æŸåï¼Œè·³å…¥mcTailWind
  58   2                  Motor_Charge();
  59   2                  #if (IPMState == NormalRun)                     // æ­£å¸¸æŒ‰ç”µæœºçŠ¶æ€æœºè¿è¡Œ
  60   2                  {
  61   3                      if ( mcFocCtrl.State_Count == 0)
  62   3                      {
  63   4                          MOE = 0;                                    // å…³é—­è¾“å‡º
  64   4                          mcState               = mcPosiCheck; //mcTailWind;
  65   4                          mcFocCtrl.State_Count = 0;
  66   4                      }
  67   3                  }
  68   2                  #endif
  69   2                  break;
  70   2                  
  71   2      //        case mcTailWind:
  72   2      //            Motor_TailWind();
  73   2      //            break;
  74   2                  
  75   2              case mcPosiCheck:
  76   2                  #if (PosCheckEnable==0)                        //åˆå§‹ä½ç½®æ£€æµ‹ä¸ä½¿èƒ½æ—¶åˆå§‹è§’åº¦ä¸º
             -é¢„å®šä½è§’åº¦
  77   2                  mcFocCtrl.mcPosCheckAngle = Align_Angle;
  78   2                  mcState = mcAlign;
  79   2                  mcFocCtrl.State_Count = Align_Time;
  80   2                  #else
                          RPD();
                          
                          if (mcFocCtrl.State_Count == 0)                        // RPDæ¯æ‹æ‰§è¡Œæ—¶é—´
                          {
                              if (RPD_Status != RPD_7)
                              {
                                  MOE = 1;                                     // æ‰“å¼€MOE
                                  SetBit(TIM2_CR1, T2EN);                      // å¯åŠ¨TIM2,ç¡®ä¿æ¯æ‹ä½¿èƒ½çš„æ—¶é—´
             -ç›¸åŒ
                              }
                              else
                              {
                                  DRV_CMR &= 0xFFC0;
                                  mcFocCtrl.mcPosCheckAngle = _Q15((float)RPDPara.ThetaGet / 180.0);
                                  mcState = mcAlign;
                                  mcFocCtrl.State_Count = Align_Time;
                                  /******************************
                                      0: æ­£å¸¸æ¨¡å¼ï¼ŒDACè¾“å‡ºç”µå‹èŒƒå›´ä¸º0åˆ°VREFï¼Œé€‚ç”¨äºç¡¬ä»¶è¿‡æµä¿æŠ¤
                                      1: åŠç”µå‹è½¬æ¢æ¨¡å¼ï¼ŒDACè¾“å‡ºç”µå‹èŒƒå›´ä¸ºVHALFåˆ°VREF
                                  ****************************/
                                  ClrBit(DAC_CR, DACMOD );
                                  /**********è®¾ç½®DACè¿‡æµå€¼*****************/
                                  DAC_DR = DAC_OvercurrentValue;
                              }
                          
                              ClrBit(TIM2_CR1, T2EN);                   // å…³é—­TIM2
                              TIM2__CNTR = 0;                           // TIM2è®¡æ•°å€¼æ¸…é›¶
                              RPD_Inject();                             // RPDæ³¨å…¥çš„æ—¶åºåŠè§’åº¦åˆ¤æ–­
                              mcFocCtrl.State_Count = RPD_Time;         // RPDæ¯æ‹æ‰§è¡Œæ—¶é—´
                          }           
                          #endif
C51 COMPILER V9.60.7.0   MOTORCONTROL                                                      08/30/2023 13:47:05 PAGE 3   

 111   2                  break;
 112   2                  
 113   2              case mcAlign:       // é¢„å®šä½æ—¶é—´ç»“æŸåï¼Œç›´æ¥å¯åŠ¨; AlignTestMode=1ç”¨äºåˆå§‹ä½ç½®æ
             -£€æµ‹è°ƒè¯•ç”¨
 114   2                  Motor_Align();
 115   2                  #if (AlignTestMode==1)           
                          while (1);
                          
                          #else
 119   2                  
 120   2                  if (mcFocCtrl.State_Count == 0)
 121   2                  {
 122   3                      mcState = mcStart;
 123   3                      ClrBit(FOC_CR2, UQD);
 124   3      //                User.TPCtrlDealy = 5000;             //å»¶æ—¶å¯åŠ¨å‘çƒ­              
 125   3                  }
 126   2                  
 127   2                  #endif
 128   2                  break;
 129   2                  
 130   2              case mcStart:                                 // é…ç½®ç”µæœºå¯åŠ¨å‚æ•°ï¼Œè¿›å…¥mcRunçŠ¶æ€ã€‚
 131   2                  Motor_Open();      
 132   2                  mcState = mcRun;
 133   2                  break;
 134   2                  
 135   2              case mcRun:                                  // è¿è¡ŒçŠ¶æ€ï¼Œè‹¥è¿è¡ŒçŠ¶æ€çš„ç»™å®šå˜ä¸º0ï¼Œè
             -¿›å…¥mcStopçŠ¶æ€ã€‚
 136   2                  if (MCCtrl.FlagONOFF  == 0)
 137   2                  {
 138   3                      mcState               = mcStop;
 139   3                      mcFocCtrl.State_Count = 200;
 140   3                      FOC_IQREF             = 0;
 141   3                  }
 142   2                  
 143   2                  break;
 144   2                  
 145   2              case mcStop:
 146   2                  MC_Stop();
 147   2                  break;
 148   2                  
 149   2              case mcBrake:
 150   2                  if (mcFocCtrl.State_Count == 0)
 151   2                  {
 152   3                      MCCtrl.FlagFR = 0;
 153   3                      MOE = 0;
 154   3                      ClrBit(DRV_CR, FOCEN);
 155   3                      mcState = mcReady;
 156   3                  }
 157   2                  
 158   2                  break;
 159   2                  
 160   2              case mcFault:
 161   2                  if ((mcFaultSource == FaultOverVoltage) || (mcFaultSource == FaultUnderVoltage))
 162   2                  {
 163   3                      UnderProcess();    //æ¬ å‹ä¿æŠ¤å¤„ç†å‡½æ•°
 164   3                      Save_KeyValue();   //ä¿å­˜æŒ‰é”®å€¼
 165   3                  }
 166   2                  else
 167   2                  {
 168   3                      FaultProcess();
 169   3                  }
 170   2            
C51 COMPILER V9.60.7.0   MOTORCONTROL                                                      08/30/2023 13:47:05 PAGE 4   

 171   2                  if(mcFaultSource == FaultNoSource)
 172   2                  {
 173   3                    mcState = mcReady;
 174   3                    Rom.FlagFlashWrite = 0;               //å­˜å‚¨æ ‡å¿—æ¸…é™¤
 175   3                    Ledselfcheckflag = 1;
 176   3                  }
 177   2            
 178   2      //            if((mcFaultSource == FaultNoSource) && (mcFaultDect.VoltDetecBraketCount == 0))
 179   2      //            {
 180   2      //              mcState = mcReady;
 181   2      ////              Rom.FlagFlashWrite = 0;               //å­˜å‚¨æ ‡å¿—æ¸…é™¤
 182   2      //                            Ledselfcheckflag = 1;
 183   2      //            }
 184   2                  
 185   2                  break;
 186   2             default:       
 187   2      //            mcState   = mcReady;
 188   2                  break;
 189   2          }
 190   1      }
 191          
 192          


MODULE INFORMATION:   STATIC OVERLAYABLE
   CODE SIZE        =    295    ----
   CONSTANT SIZE    =   ----    ----
   XDATA SIZE       =      1    ----
   PDATA SIZE       =   ----    ----
   DATA SIZE        =      1    ----
   IDATA SIZE       =   ----    ----
   BIT SIZE         =   ----    ----
   EDATA SIZE       =   ----    ----
   HDATA SIZE       =   ----    ----
   XDATA CONST SIZE =   ----    ----
   FAR CONST SIZE   =   ----    ----
END OF MODULE INFORMATION.


C51 COMPILATION COMPLETE.  0 WARNING(S),  0 ERROR(S)
