C51 COMPILER V9.60.7.0   PIINIT                                                            08/30/2023 13:47:07 PAGE 1   


C51 COMPILER V9.60.7.0, COMPILATION OF MODULE PIINIT
OBJECT MODULE PLACED IN .\Output\PIInit.obj
COMPILER INVOKED BY: C:\Keil_v5\C51\BIN\C51.EXE ..\User\Source\Hardware\PIInit.c LARGE OMF2 WARNINGLEVEL(0) OPTIMIZE(9,S
                    -PEED) BROWSE INCDIR(..\User\Include;..\FU68xx_Hardware_Driver\Include) DEBUG PRINT(.\Listing\PIInit.lst) TABS(2) OBJECT(
                    -.\Output\PIInit.obj)

line level    source

   1          /*  -------------------------- (C) COPYRIGHT 2022 Fortiortech ShenZhen ---------------------------*/
   2          /**
   3           * @copyright (C) COPYRIGHT 2022 Fortiortech Shenzhen
   4           * @file      
   5           * @author    Fortiortech  Appliction Team
   6           * @since     Create:2022-07-14
   7           * @date      Last modify:2022-07-14
   8           * @note      Last modify author is Leo.li
   9           * @brief      
  10           */
  11          
  12          /* Includes -------------------------------------------------------------------------------------*/
  13          #include <FU68xx_2.h>
  14          #include <Myproject.h>
  15          
  16          
  17          /** 
  18           * @brief       PI初始化
  19           * @data        2022/08/12
  20           */   
  21          void PI_Init(void)
  22          {
  23   1          PI1_KP = SKP;                      //速度调节
  24   1          PI1_KI = SKI;
  25   1          PI1_UKMAX = SOUTMAX;
  26   1          PI1_UKMIN = SOUTMIN;
  27   1        
  28   1          PI2_KP = _Q12(0.1);                //限制功率调节
  29   1          PI2_KI = _Q15(0.001);
  30   1      //    PI2_UKMAX = SOUTMAX;
  31   1      //    PI2_UKMIN = SOUTMAX >>1;
  32   1        PI2_UKMAX = QOUTMAX;
  33   1          PI2_UKMIN = _Q15(0.6);
  34   1        
  35   1          PI3_KP = DQKP;
  36   1          PI3_KI = DQKI;
  37   1          PI3_UKMAX = QOUTMAX;
  38   1          PI3_UKMIN = QOUTMIN;
  39   1          PI2_UKH = SOUTMAX;
  40   1          PI3_UKH = 0;
  41   1      }


MODULE INFORMATION:   STATIC OVERLAYABLE
   CODE SIZE        =    129    ----
   CONSTANT SIZE    =   ----    ----
   XDATA SIZE       =   ----    ----
   PDATA SIZE       =   ----    ----
   DATA SIZE        =   ----    ----
   IDATA SIZE       =   ----    ----
   BIT SIZE         =   ----    ----
   EDATA SIZE       =   ----    ----
   HDATA SIZE       =   ----    ----
C51 COMPILER V9.60.7.0   PIINIT                                                            08/30/2023 13:47:07 PAGE 2   

   XDATA CONST SIZE =   ----    ----
   FAR CONST SIZE   =   ----    ----
END OF MODULE INFORMATION.


C51 COMPILATION COMPLETE.  0 WARNING(S),  0 ERROR(S)
