C51 COMPILER V9.56.0.0   SMDU                                                              07/24/2023 10:13:25 PAGE 1   


C51 COMPILER V9.56.0.0, COMPILATION OF MODULE SMDU
OBJECT MODULE PLACED IN .\Output\SMDU.obj
COMPILER INVOKED BY: D:\Program Files (x86)\Keil_v5\C51\BIN\C51.EXE ..\User\Source\Function\SMDU.c LARGE OMF2 WARNINGLEV
                    -EL(0) OPTIMIZE(9,SPEED) BROWSE INCDIR(..\User\Include;..\FU68xx_Hardware_Driver\Include) DEBUG PRINT(.\Listing\SMDU.lst)
                    - TABS(2) OBJECT(.\Output\SMDU.obj)

line level    source

   1          /*  -------------------------- (C) COPYRIGHT 2022 Fortiortech ShenZhen ---------------------------*/
   2          /**
   3           * @copyright (C) COPYRIGHT 2022 Fortiortech Shenzhen
   4           * @file      xxx.c
   5           * @author    Fortiortech  Appliction Team
   6           * @since     Create:2021-08-01
   7           * @date      Last modify:2022-8-03
   8           * @note      Last modify author is Leo.li
   9           * @brief
  10           */
  11          
  12          #include <FU68xx_2_SMDU.h>
  13          /********************************************************************************
  14              Internal Routine Prototypes
  15          ********************************************************************************/
  16          
  17          /** 
  18           * @brief       PI
  19           * @param[in]   Xn1: 误差值
  20           * @return      PI1_UKH
  21           * @date        2022-07-29
  22           */
  23          int16 HW_One_PI(int16 Xn1)
  24          {
  25   1          PI1_EK =  Xn1;                                                                               //填入E
             -K
  26   1          SMDU_RunBlock(1, PI);
  27   1          return PI1_UKH;
  28   1      }
  29          
  30          
  31          /** 
  32           * @brief       PI
  33           * @param[in]   Xn2: 误差值
  34           * @return      PI2_UKH
  35           * @date        2022-07-29
  36           */
  37          int16 HW_One_PI2(int16 Xn2)
  38          {
  39   1          PI2_EK =  Xn2;                                                                               //填入E
             -K
  40   1          SMDU_RunBlock(2, PI);
  41   1          return PI2_UKH;
  42   1      }
  43          
  44          
  45          /** 
  46           * @brief       低通滤波
  47           * @param[in]   Xn1: 当前输入值
  48           * @param[in]   Xn0: 上一次滤波输出值
  49           * @param[in]   K:  LPF滤波系数
  50           * @return      LPF0_YH
  51           * @date        2022-07-29
C51 COMPILER V9.56.0.0   SMDU                                                              07/24/2023 10:13:25 PAGE 2   

  52           */
  53          int16 LPFFunction(int16 Xn1, int16 Xn0, int8 K)
  54          {
  55   1          LPF0_K = K << 8;
  56   1          LPF0_X = Xn1;
  57   1          LPF0_YH = Xn0;
  58   1          SMDU_RunBlock(0, LPF);
  59   1          return LPF0_YH;
  60   1      }
  61          
  62          
  63          int16 MUL_X_MDU(int16 Xn1, int16 Xn0)
  64          {
  65   1          MUL0_MA = Xn1;
  66   1          MUL0_MB = Xn0;
  67   1          SMDU_RunBlock(0, S1MUL);
  68   1          return MUL0_MCH;
  69   1      }
  70          
  71          
  72          /** 
  73           * @brief       计算幅值
  74           * @param[in]   Xn1: COS
  75           * @param[in]   Xn0: SIN
  76           * @return      SCAT1_RES1
  77           * @date        2022-07-29
  78           */
  79          int16 Atan_Us_MDU(int16 Xn1, int16 Xn0)
  80          {
  81   1          SCAT1_COS = Xn1;
  82   1          SCAT1_SIN = Xn0;
  83   1          SCAT1_THE = 0;
  84   1          SMDU_RunBlock(1, ATAN);
  85   1          return SCAT1_RES1;
  86   1      }
  87          
  88          /** 
  89           * @brief       计算Is
  90           * @param[in]   Xn1: 被除数高位
  91           * @param[in]   Xn0: 被除数低位
  92           * @param[in]   Yn:  除数
  93           * @return      DIV0_DQL
  94           * @date        2022-07-29
  95           */
  96          int16 DivQ_L_MDU(uint16 Xn1, uint16 Xn0, uint16 Yn)
  97          {
  98   1          DIV0_DAH = Xn1;
  99   1          DIV0_DAL = Xn0;
 100   1          DIV0_DB  = Yn;
 101   1          SMDU_RunBlock(0, DIV);
 102   1          return DIV0_DQL;
 103   1      }
 104          
 105          /** 
 106           * @brief       计算Is
 107           * @param[in]   i_alp: alp轴电流
 108           * @param[in]   i_bet: bet轴电流
 109           * @return      is
 110           * @date        2022-07-29
 111           */
 112          uint16 SqrtI_alpbet(int16 i_alp, int16 i_bet)
 113          {
C51 COMPILER V9.56.0.0   SMDU                                                              07/24/2023 10:13:25 PAGE 3   

 114   1          SCAT2_COS    =   i_alp;
 115   1          SCAT2_SIN    =   i_bet;
 116   1          SMDU_RunBlock(2, ATAN);
 117   1          return SCAT2_RES1;
 118   1      }


MODULE INFORMATION:   STATIC OVERLAYABLE
   CODE SIZE        =    218    ----
   CONSTANT SIZE    =   ----    ----
   XDATA SIZE       =   ----       2
   PDATA SIZE       =   ----    ----
   DATA SIZE        =   ----    ----
   IDATA SIZE       =   ----    ----
   BIT SIZE         =   ----    ----
   EDATA SIZE       =   ----    ----
   HDATA SIZE       =   ----    ----
   XDATA CONST SIZE =   ----    ----
   FAR CONST SIZE   =   ----    ----
END OF MODULE INFORMATION.


C51 COMPILATION COMPLETE.  0 WARNING(S),  0 ERROR(S)
