C51 COMPILER V9.60.7.0   SPIINIT                                                           08/30/2023 13:47:06 PAGE 1   


C51 COMPILER V9.60.7.0, COMPILATION OF MODULE SPIINIT
OBJECT MODULE PLACED IN .\Output\SPIInit.obj
COMPILER INVOKED BY: C:\Keil_v5\C51\BIN\C51.EXE ..\User\Source\Hardware\SPIInit.c LARGE OMF2 WARNINGLEVEL(0) OPTIMIZE(9,
                    -SPEED) BROWSE INCDIR(..\User\Include;..\FU68xx_Hardware_Driver\Include) DEBUG PRINT(.\Listing\SPIInit.lst) TABS(2) OBJEC
                    -T(.\Output\SPIInit.obj)

line level    source

   1          /*  -------------------------- (C) COPYRIGHT 2022 Fortiortech ShenZhen ---------------------------*/
   2          /**
   3           * @copyright (C) COPYRIGHT 2022 Fortiortech Shenzhen
   4           * @file      xxx.c
   5           * @author    Fortiortech  Appliction Team
   6           * @since     Create:2022-07-14
   7           * @date      Last modify:2022-07-14
   8           * @note      Last modify author is Leo.li
   9           * @brief      
  10           */
  11          
  12          /* Includes -------------------------------------------------------------------------------------*/
  13          #include <FU68xx_2.h>
  14          #include <Myproject.h>
  15          
  16          
  17          /** 
  18           * @brief       SPI初始化配置
  19           * @data        2022/08/12
  20           */   
  21          void SPI_Init(void)
  22          {
  23   1          ClrBit(SPI_CR1, SPIEN);                                            // 0,disable SPI;1 enable
  24   1          /*  -------------------------------------------------------------------------------------------------
  25   1              SPI管脚配置
  26   1              1、禁止UART复用，P06配置为MISO，P05配置为MOSI
  27   1              2、禁止比较器输出复用，P07配置为SCLK
  28   1              -------------------------------------------------------------------------------------------------*
             -/
  29   1          ClrBit(PH_SEL, UARTEN);                                              // 0,P06 as GPIO or SPI_MISO,P05 
             -as GPIO or SPI_MOSI;1,P06 and p07 as USART
  30   1          /*  -------------------------------------------------------------------------------------------------
  31   1              SPI时钟相位/极性配置
  32   1              CPHA = 0, CPOL = 0:上升沿接收，下降沿发送，空闲电平为低
  33   1              CPHA = 0, CPOL = 1:上升沿发送，下降沿接收，空闲电平为高
  34   1              CPHA = 1, CPOL = 0:上升沿发送，下降沿接收，空闲电平为低
  35   1              CPHA = 1, CPOL = 1:上升沿接收，下降沿发送，空闲电平为高
  36   1              -------------------------------------------------------------------------------------------------*
             -/
  37   1          SetReg(SPI_CR0, CPHA | CPOL, CPOL);
  38   1          /*  -------------------------------------------------------------------------------------------------
  39   1              SPI从方式选择配置
  40   1              00：3线从方式或3线主方式，NSS信号不连到端口管脚
  41   1              01：4线从方式或4线多主方式，NSS配置为输入
  42   1              1x：4线单主方式，NSS配置为输出，NSS信号输出x电平
  43   1              -------------------------------------------------------------------------------------------------*
             -/
  44   1          SetReg(SPI_CR1, NSSMOD0 | NSSMOD1, NSSMOD0 | NSSMOD1);
  45   1          SetBit(SPI_CR0, SPIMS);                          // 0:Slave, 1:Master
  46   1          /*  -------------------------------------------------------------------------------------------------
  47   1              SPI中断配置
  48   1              SPIF：SPI字节传输完成中断标志，硬件置位，软件清零
  49   1              WCOL：SPI写冲突中断（发送缓冲器非空时写操作），硬件置位，软件清零
C51 COMPILER V9.60.7.0   SPIINIT                                                           08/30/2023 13:47:06 PAGE 2   

  50   1              MODF：SPI方式错误中断（多主方式NSS被拉低，MSTEN和SPIEN被清零）硬件置位，
             -软件清零
  51   1              RXOVRN：SPI接收溢出中断（SPI接收缓冲器接收溢出），硬件置位，软件清零
  52   1              -------------------------------------------------------------------------------------------------*
             -/
  53   1          SetReg(SPI_CR1, SPIIF | WCOL | MODF | RXOVR, 0x00);              // SPI所有中断清除
  54   1          SPIIE = 0;                                             // SPI中断使能
  55   1          SPI_CLK = 0;                                                                 // Fspi = Fcpu / (2*(SPI_
             -CLK + 1)) = 6MHz
  56   1          SetBit(SPI_CR1, SPIEN);                                        // enable SPI
  57   1      }
  58          
  59          /** 
  60           * @brief       SPI数据发送
  61           * @param(Data) 发送数据
  62           * @param(Channel) 发送通道
  63           * @data        2022/08/12
  64           */ 
  65          void SPI_SendData(uint16 Data, uint8 Channel)
  66          {
  67   1          if (!ReadBit(SPI_CR0, SPIBSY))
  68   1          {
  69   2              Data = Data >> 4;
  70   2              
  71   2              switch (Channel)
  72   2              {
  73   3                  case 0:
  74   3                      Data &= 0x3fff;
  75   3                      break;
  76   3                      
  77   3                  case 1:
  78   3                      Data |= 0x4000;
  79   3                      break;
  80   3                      
  81   3                  case 2:
  82   3                      Data |= 0x8000;
  83   3                      break;
  84   3                      
  85   3                  case 3:
  86   3                      Data |= 0xc000;
  87   3                      break;
  88   3                      
  89   3                  default:
  90   3                      break;
  91   3              }
  92   2              
  93   2              ClrBit(SPI_CR1, NSSMOD0);
  94   2              SPI_DR = Data >> 8;
  95   2              SPI_DR = Data;
  96   2              SetBit(SPI_CR1, NSSMOD0);
  97   2          }
  98   1      }


MODULE INFORMATION:   STATIC OVERLAYABLE
   CODE SIZE        =    142    ----
   CONSTANT SIZE    =   ----    ----
   XDATA SIZE       =   ----    ----
   PDATA SIZE       =   ----    ----
   DATA SIZE        =   ----    ----
   IDATA SIZE       =   ----    ----
   BIT SIZE         =   ----    ----
C51 COMPILER V9.60.7.0   SPIINIT                                                           08/30/2023 13:47:06 PAGE 3   

   EDATA SIZE       =   ----    ----
   HDATA SIZE       =   ----    ----
   XDATA CONST SIZE =   ----    ----
   FAR CONST SIZE   =   ----    ----
END OF MODULE INFORMATION.


C51 COMPILATION COMPLETE.  0 WARNING(S),  0 ERROR(S)
